This is pdfTeX, Version 3.14159265-2.6-1.40.16 (TeX Live 2015) (preloaded format=pdflatex 2015.10.6)  30 SEP 2016 12:42
entering extended mode
 restricted \write18 enabled.
 file:line:error style messages enabled.
 %&-line parsing enabled.
**clp-mandatory01.tex
(./clp-mandatory01.tex
LaTeX2e <2015/01/01>
Babel <3.9l> and hyphenation patterns for 79 languages loaded.
(/usr/local/texlive/2015/texmf-dist/tex/latex/base/article.cls
Document Class: article 2014/09/29 v1.4h Standard LaTeX document class
(/usr/local/texlive/2015/texmf-dist/tex/latex/base/size12.clo
File: size12.clo 2014/09/29 v1.4h Standard LaTeX file (size option)
)
\c@part=\count79
\c@section=\count80
\c@subsection=\count81
\c@subsubsection=\count82
\c@paragraph=\count83
\c@subparagraph=\count84
\c@figure=\count85
\c@table=\count86
\abovecaptionskip=\skip41
\belowcaptionskip=\skip42
\bibindent=\dimen102
) (/usr/local/texlive/2015/texmf-dist/tex/latex/geometry/geometry.sty
Package: geometry 2010/09/12 v5.6 Page Geometry
 (/usr/local/texlive/2015/texmf-dist/tex/latex/graphics/keyval.sty
Package: keyval 2014/10/28 v1.15 key=value parser (DPC)
\KV@toks@=\toks14
) (/usr/local/texlive/2015/texmf-dist/tex/generic/oberdiek/ifpdf.sty
Package: ifpdf 2011/01/30 v2.3 Provides the ifpdf switch (HO)
Package ifpdf Info: pdfTeX in PDF mode is detected.
) (/usr/local/texlive/2015/texmf-dist/tex/generic/oberdiek/ifvtex.sty
Package: ifvtex 2010/03/01 v1.5 Detect VTeX and its facilities (HO)
Package ifvtex Info: VTeX not detected.
) (/usr/local/texlive/2015/texmf-dist/tex/generic/ifxetex/ifxetex.sty
Package: ifxetex 2010/09/12 v0.6 Provides ifxetex conditional
)
\Gm@cnth=\count87
\Gm@cntv=\count88
\c@Gm@tempcnt=\count89
\Gm@bindingoffset=\dimen103
\Gm@wd@mp=\dimen104
\Gm@odd@mp=\dimen105
\Gm@even@mp=\dimen106
\Gm@layoutwidth=\dimen107
\Gm@layoutheight=\dimen108
\Gm@layouthoffset=\dimen109
\Gm@layoutvoffset=\dimen110
\Gm@dimlist=\toks15
) (/usr/local/texlive/2015/texmf-dist/tex/latex/float/float.sty
Package: float 2001/11/08 v1.3d Float enhancements (AL)
\c@float@type=\count90
\float@exts=\toks16
\float@box=\box26
\@float@everytoks=\toks17
\@floatcapt=\box27
) (/usr/local/texlive/2015/texmf-dist/tex/latex/caption/subcaption.sty
Package: subcaption 2013/02/03 v1.1-62 Sub-captions (AR)
 (/usr/local/texlive/2015/texmf-dist/tex/latex/caption/caption.sty
Package: caption 2013/05/02 v3.3-89 Customizing captions (AR)
 (/usr/local/texlive/2015/texmf-dist/tex/latex/caption/caption3.sty
Package: caption3 2013/05/02 v1.6-88 caption3 kernel (AR)
Package caption3 Info: TeX engine: e-TeX on input line 57.
\captionmargin=\dimen111
\captionmargin@=\dimen112
\captionwidth=\dimen113
\caption@tempdima=\dimen114
\caption@indent=\dimen115
\caption@parindent=\dimen116
\caption@hangindent=\dimen117
)
\c@ContinuedFloat=\count91
Package caption Info: float package is loaded.
)
\c@subfigure=\count92
\c@subtable=\count93
) (/usr/local/texlive/2015/texmf-dist/tex/latex/graphics/graphicx.sty
Package: graphicx 2014/10/28 v1.0g Enhanced LaTeX Graphics (DPC,SPQR)
 (/usr/local/texlive/2015/texmf-dist/tex/latex/graphics/graphics.sty
Package: graphics 2014/10/28 v1.0p Standard LaTeX Graphics (DPC,SPQR)
 (/usr/local/texlive/2015/texmf-dist/tex/latex/graphics/trig.sty
Package: trig 1999/03/16 v1.09 sin cos tan (DPC)
) (/usr/local/texlive/2015/texmf-dist/tex/latex/latexconfig/graphics.cfg
File: graphics.cfg 2010/04/23 v1.9 graphics configuration of TeX Live
)
Package graphics Info: Driver file: pdftex.def on input line 94.
 (/usr/local/texlive/2015/texmf-dist/tex/latex/pdftex-def/pdftex.def
File: pdftex.def 2011/05/27 v0.06d Graphics/color for pdfTeX
 (/usr/local/texlive/2015/texmf-dist/tex/generic/oberdiek/infwarerr.sty
Package: infwarerr 2010/04/08 v1.3 Providing info/warning/error messages (HO)
) (/usr/local/texlive/2015/texmf-dist/tex/generic/oberdiek/ltxcmds.sty
Package: ltxcmds 2011/11/09 v1.22 LaTeX kernel commands for general use (HO)
)
\Gread@gobject=\count94
))
\Gin@req@height=\dimen118
\Gin@req@width=\dimen119
) (/usr/local/texlive/2015/texmf-dist/tex/latex/siunitx/siunitx.sty (/usr/local/texlive/2015/texmf-dist/tex/latex/l3kernel/expl3.sty
Package: expl3 2015/03/01 v5547 L3 programming layer (loader) 
 (/usr/local/texlive/2015/texmf-dist/tex/latex/l3kernel/expl3-code.tex
Package: expl3 2015/03/01 v5547 L3 programming layer (code) 
L3 Module: l3bootstrap 2015/02/28 v5542 L3 Bootstrap code
L3 Module: l3names 2015/02/24 v5535 L3 Namespace for primitives
L3 Module: l3basics 2015/01/27 v5500 L3 Basic definitions
L3 Module: l3expan 2014/11/27 v5472 L3 Argument expansion
L3 Module: l3tl 2015/01/27 v5500 L3 Token lists
L3 Module: l3str 2015/03/01 v5545 L3 Strings
L3 Module: l3seq 2014/08/23 v5354 L3 Sequences and stacks
L3 Module: l3int 2015/02/21 v5529 L3 Integers
\c_max_int=\count95
\l_tmpa_int=\count96
\l_tmpb_int=\count97
\g_tmpa_int=\count98
\g_tmpb_int=\count99
L3 Module: l3quark 2014/08/23 v5354 L3 Quarks
L3 Module: l3prg 2014/08/23 v5354 L3 Control structures
\g__prg_map_int=\count100
L3 Module: l3clist 2014/08/23 v5354 L3 Comma separated lists
L3 Module: l3token 2014/09/15 v5422 L3 Experimental token manipulation
L3 Module: l3prop 2014/08/23 v5354 L3 Property lists
L3 Module: l3msg 2015/02/26 v5537 L3 Messages
L3 Module: l3file 2014/08/24 v5369 L3 File and I/O operations
\l_iow_line_count_int=\count101
\l__iow_target_count_int=\count102
\l__iow_current_line_int=\count103
\l__iow_current_word_int=\count104
\l__iow_current_indentation_int=\count105
L3 Module: l3skip 2014/08/23 v5354 L3 Dimensions and skips
\c_zero_dim=\dimen120
\c_max_dim=\dimen121
\l_tmpa_dim=\dimen122
\l_tmpb_dim=\dimen123
\g_tmpa_dim=\dimen124
\g_tmpb_dim=\dimen125
\c_zero_skip=\skip43
\c_max_skip=\skip44
\l_tmpa_skip=\skip45
\l_tmpb_skip=\skip46
\g_tmpa_skip=\skip47
\g_tmpb_skip=\skip48
\c_zero_muskip=\muskip10
\c_max_muskip=\muskip11
\l_tmpa_muskip=\muskip12
\l_tmpb_muskip=\muskip13
\g_tmpa_muskip=\muskip14
\g_tmpb_muskip=\muskip15
L3 Module: l3keys 2015/01/27 v5500 L3 Key-value interfaces
\g__keyval_level_int=\count106
\l_keys_choice_int=\count107
L3 Module: l3fp 2014/08/22 v5336 L3 Floating points
\c__fp_leading_shift_int=\count108
\c__fp_middle_shift_int=\count109
\c__fp_trailing_shift_int=\count110
\c__fp_big_leading_shift_int=\count111
\c__fp_big_middle_shift_int=\count112
\c__fp_big_trailing_shift_int=\count113
\c__fp_Bigg_leading_shift_int=\count114
\c__fp_Bigg_middle_shift_int=\count115
\c__fp_Bigg_trailing_shift_int=\count116
L3 Module: l3box 2014/08/23 v5354 L3 Experimental boxes
\c_empty_box=\box28
\l_tmpa_box=\box29
\l_tmpb_box=\box30
\g_tmpa_box=\box31
\g_tmpb_box=\box32
L3 Module: l3coffins 2014/08/23 v5354 L3 Coffin code layer
\l__coffin_internal_box=\box33
\l__coffin_internal_dim=\dimen126
\l__coffin_offset_x_dim=\dimen127
\l__coffin_offset_y_dim=\dimen128
\l__coffin_x_dim=\dimen129
\l__coffin_y_dim=\dimen130
\l__coffin_x_prime_dim=\dimen131
\l__coffin_y_prime_dim=\dimen132
\c_empty_coffin=\box34
\l__coffin_aligned_coffin=\box35
\l__coffin_aligned_internal_coffin=\box36
\l_tmpa_coffin=\box37
\l_tmpb_coffin=\box38
\l__coffin_display_coffin=\box39
\l__coffin_display_coord_coffin=\box40
\l__coffin_display_pole_coffin=\box41
\l__coffin_display_offset_dim=\dimen133
\l__coffin_display_x_dim=\dimen134
\l__coffin_display_y_dim=\dimen135
L3 Module: l3color 2014/08/23 v5354 L3 Experimental color support
L3 Module: l3candidates 2015/03/01 v5544 L3 Experimental additions to l3kernel
\l__box_top_dim=\dimen136
\l__box_bottom_dim=\dimen137
\l__box_left_dim=\dimen138
\l__box_right_dim=\dimen139
\l__box_top_new_dim=\dimen140
\l__box_bottom_new_dim=\dimen141
\l__box_left_new_dim=\dimen142
\l__box_right_new_dim=\dimen143
\l__box_internal_box=\box42
\l__coffin_bounding_shift_dim=\dimen144
\l__coffin_left_corner_dim=\dimen145
\l__coffin_right_corner_dim=\dimen146
\l__coffin_bottom_corner_dim=\dimen147
\l__coffin_top_corner_dim=\dimen148
\l__coffin_scaled_total_height_dim=\dimen149
\l__coffin_scaled_width_dim=\dimen150
) (/usr/local/texlive/2015/texmf-dist/tex/latex/l3kernel/l3unicode-data.def
File: l3unicode-data.def 2015/03/01 v5544 L3 Unicode data
) (/usr/local/texlive/2015/texmf-dist/tex/latex/l3kernel/l3pdfmode.def
File: l3pdfmode.def 2015/03/01 v5544 L3 Experimental driver: PDF mode
\l__driver_color_stack_int=\count117
)) (/usr/local/texlive/2015/texmf-dist/tex/latex/l3packages/xparse/xparse.sty
Package: xparse 2014/11/25 v5471 L3 Experimental document command parser
\l__xparse_current_arg_int=\count118
\l__xparse_m_args_int=\count119
\l__xparse_mandatory_args_int=\count120
\l__xparse_processor_int=\count121
\l__xparse_v_nesting_int=\count122
)
Package: siunitx 2015/01/21 v2.6e A comprehensive (SI) units package
 (/usr/local/texlive/2015/texmf-dist/tex/latex/amsmath/amstext.sty
Package: amstext 2000/06/29 v2.01
 (/usr/local/texlive/2015/texmf-dist/tex/latex/amsmath/amsgen.sty
File: amsgen.sty 1999/11/30 v2.0
\@emptytoks=\toks18
\ex@=\dimen151
)) (/usr/local/texlive/2015/texmf-dist/tex/latex/tools/array.sty
Package: array 2014/10/28 v2.4c Tabular extension package (FMi)
\col@sep=\dimen152
\extrarowheight=\dimen153
\NC@list=\toks19
\extratabsurround=\skip49
\backup@length=\skip50
) (/usr/local/texlive/2015/texmf-dist/tex/latex/l3packages/l3keys2e/l3keys2e.sty
Package: l3keys2e 2014/11/25 v5471 LaTeX2e option processing using LaTeX3 keys
)
Variant \tl_if_blank:VTF already defined; not changing it on line 50
\l__siunitx_tmp_box=\box43
\l__siunitx_tmp_dim=\dimen154
\l__siunitx_tmp_int=\count123
Variant \prop_get:NVNT already defined; not changing it on line 380
Variant \prop_get:NVNF already defined; not changing it on line 381
Variant \prop_get:NVNTF already defined; not changing it on line 382
\l__siunitx_number_mantissa_length_int=\count124
\l__siunitx_number_uncert_length_int=\count125
\l__siunitx_round_int=\count126
\l__siunitx_process_decimal_int=\count127
\l__siunitx_process_uncertainty_int=\count128
\l__siunitx_process_fixed_int=\count129
\l__siunitx_process_integer_min_int=\count130
\l__siunitx_process_precision_int=\count131
\l__siunitx_group_min_int=\count132
\l__siunitx_angle_marker_box=\box44
\l__siunitx_angle_unit_box=\box45
\l__siunitx_angle_marker_dim=\dimen155
\l__siunitx_angle_unit_dim=\dimen156
\l__siunitx_unit_int=\count133
\l__siunitx_unit_denominator_int=\count134
\l__siunitx_unit_numerator_int=\count135
\l__siunitx_unit_prefix_int=\count136
\l__siunitx_unit_prefix_base_int=\count137
\l__siunitx_unit_prefix_gram_int=\count138
\l__siunitx_number_product_int=\count139
\c__siunitx_one_fill_skip=\skip51
\l__siunitx_table_unit_align_skip=\skip52
\l__siunitx_table_exponent_dim=\dimen157
\l__siunitx_table_integer_dim=\dimen158
\l__siunitx_table_mantissa_dim=\dimen159
\l__siunitx_table_marker_dim=\dimen160
\l__siunitx_table_result_dim=\dimen161
\l__siunitx_table_uncert_dim=\dimen162
\l__siunitx_table_fill_pre_dim=\dimen163
\l__siunitx_table_fill_post_dim=\dimen164
\l__siunitx_table_fill_mid_dim=\dimen165
\l__siunitx_table_pre_box=\box46
\l__siunitx_table_post_box=\box47
\l__siunitx_table_mantissa_box=\box48
\l__siunitx_table_result_box=\box49
\l__siunitx_table_number_align_skip=\skip53
\l__siunitx_table_text_align_skip=\skip54
.................................................
. LaTeX info: "xparse/define-command"
. 
. Defining command \DeclareBinaryPrefix with sig. 'mmm' on line 7176.
.................................................
.................................................
. LaTeX info: "xparse/define-command"
. 
. Defining command \DeclareSIPostPower with sig. 'mm' on line 7179.
.................................................
.................................................
. LaTeX info: "xparse/define-command"
. 
. Defining command \DeclareSIPrefix with sig. 'mmm' on line 7182.
.................................................
.................................................
. LaTeX info: "xparse/define-command"
. 
. Defining command \DeclareSIPrePower with sig. 'mm' on line 7185.
.................................................
.................................................
. LaTeX info: "xparse/define-command"
. 
. Defining command \DeclareSIQualifier with sig. 'mm' on line 7188.
.................................................
.................................................
. LaTeX info: "xparse/define-command"
. 
. Defining command \DeclareSIUnit with sig. 'O{}mm' on line 7191.
.................................................
.................................................
. LaTeX info: "xparse/define-command"
. 
. Defining command \DeclareSIUnitWithOptions with sig. 'mmm' on line 7194.
.................................................
.................................................
. LaTeX info: "xparse/define-command"
. 
. Defining command \ang with sig. 'o>{\SplitArgument {2}{;}}m' on line 7209.
.................................................
.................................................
. LaTeX info: "xparse/define-command"
. 
. Defining command \num with sig. 'om' on line 7217.
.................................................
.................................................
. LaTeX info: "xparse/define-command"
. 
. Defining command \numlist with sig. 'o>{\SplitList {;}}m' on line 7225.
.................................................
.................................................
. LaTeX info: "xparse/define-command"
. 
. Defining command \numrange with sig. 'omm' on line 7233.
.................................................
.................................................
. LaTeX info: "xparse/define-command"
. 
. Defining command \SIlist with sig. 'o>{\SplitList {;}}mm' on line 7244.
.................................................
.................................................
. LaTeX info: "xparse/define-command"
. 
. Defining command \SIrange with sig. 'ommm' on line 7255.
.................................................
.................................................
. LaTeX info: "xparse/define-command"
. 
. Defining command \SI with sig. 'omom' on line 7266.
.................................................
.................................................
. LaTeX info: "xparse/define-command"
. 
. Defining command \sisetup with sig. 'm' on line 7269.
.................................................
.................................................
. LaTeX info: "xparse/define-command"
. 
. Defining command \tablenum with sig. 'om' on line 7281.
.................................................
.................................................
. LaTeX info: "xparse/define-command"
. 
. Defining command \si with sig. 'om' on line 7292.
.................................................
.................................................
. LaTeX info: "xparse/define-command"
. 
. Defining command \__siunitx_bookmark_num:w with sig. 'om' on line 7339.
.................................................
.................................................
. LaTeX info: "xparse/define-command"
. 
. Defining command \__siunitx_bookmark_numrange:w with sig. 'omm' on line
. 7341.
.................................................
.................................................
. LaTeX info: "xparse/define-command"
. 
. Defining command \__siunitx_bookmark_SI:w with sig. 'omom' on line 7343.
.................................................
.................................................
. LaTeX info: "xparse/define-command"
. 
. Defining command \__siunitx_bookmark_SIlist:w with sig. 'omm' on line 7345.
.................................................
.................................................
. LaTeX info: "xparse/define-command"
. 
. Defining command \__siunitx_bookmark_SIrange:w with sig. 'ommm' on line
. 7347.
.................................................
.................................................
. LaTeX info: "xparse/define-command"
. 
. Defining command \__siunitx_bookmark_si:w with sig. 'om' on line 7348.
.................................................
\g__file_internal_ior=\read1
 (/usr/local/texlive/2015/texmf-dist/tex/latex/beamer/translator/translator.sty
Package: translator 2010/06/12 ver 1.10
 (/usr/local/texlive/2015/texmf-dist/tex/latex/beamer/translator/translator-language-mappings.tex)))
(/Users/palmerc/Classes/INF9305/Mandatory 01/.texpadtmp/clp-mandatory01.aux)
\openout1 = `clp-mandatory01.aux'.

LaTeX Font Info:    Checking defaults for OML/cmm/m/it on input line 12.
LaTeX Font Info:    ... okay on input line 12.
LaTeX Font Info:    Checking defaults for T1/cmr/m/n on input line 12.
LaTeX Font Info:    ... okay on input line 12.
LaTeX Font Info:    Checking defaults for OT1/cmr/m/n on input line 12.
LaTeX Font Info:    ... okay on input line 12.
LaTeX Font Info:    Checking defaults for OMS/cmsy/m/n on input line 12.
LaTeX Font Info:    ... okay on input line 12.
LaTeX Font Info:    Checking defaults for OMX/cmex/m/n on input line 12.
LaTeX Font Info:    ... okay on input line 12.
LaTeX Font Info:    Checking defaults for U/cmr/m/n on input line 12.
LaTeX Font Info:    ... okay on input line 12.

*geometry* driver: auto-detecting
*geometry* detected driver: pdftex
*geometry* verbose mode - [ preamble ] result:
* driver: pdftex
* paper: a4paper
* layout: <same size as paper>
* layoutoffset:(h,v)=(0.0pt,0.0pt)
* modes: 
* h-part:(L,W,R)=(71.13188pt, 455.24411pt, 71.13188pt)
* v-part:(T,H,B)=(71.13188pt, 702.78308pt, 71.13188pt)
* \paperwidth=597.50787pt
* \paperheight=845.04684pt
* \textwidth=455.24411pt
* \textheight=702.78308pt
* \oddsidemargin=-1.1381pt
* \evensidemargin=-1.1381pt
* \topmargin=-38.1381pt
* \headheight=12.0pt
* \headsep=25.0pt
* \topskip=12.0pt
* \footskip=30.0pt
* \marginparwidth=35.0pt
* \marginparsep=10.0pt
* \columnsep=10.0pt
* \skip\footins=10.8pt plus 4.0pt minus 2.0pt
* \hoffset=0.0pt
* \voffset=0.0pt
* \mag=1000
* \@twocolumnfalse
* \@twosidefalse
* \@mparswitchfalse
* \@reversemarginfalse
* (1in=72.27pt=25.4mm, 1cm=28.453pt)

Package caption Info: Begin \AtBeginDocument code.
Package caption Info: End \AtBeginDocument code.
(/usr/local/texlive/2015/texmf-dist/tex/context/base/supp-pdf.mkii
[Loading MPS to PDF converter (version 2006.09.02).]
\scratchcounter=\count140
\scratchdimen=\dimen166
\scratchbox=\box50
\nofMPsegments=\count141
\nofMParguments=\count142
\everyMPshowfont=\toks20
\MPscratchCnt=\count143
\MPscratchDim=\dimen167
\MPnumerator=\count144
\makeMPintoPDFobject=\count145
\everyMPtoPDFconversion=\toks21
) (/usr/local/texlive/2015/texmf-dist/tex/generic/oberdiek/pdftexcmds.sty
Package: pdftexcmds 2011/11/29 v0.20 Utility functions of pdfTeX for LuaTeX (HO)
 (/usr/local/texlive/2015/texmf-dist/tex/generic/oberdiek/ifluatex.sty
Package: ifluatex 2010/03/01 v1.3 Provides the ifluatex switch (HO)
Package ifluatex Info: LuaTeX not detected.
)
Package pdftexcmds Info: LuaTeX not detected.
Package pdftexcmds Info: \pdf@primitive is available.
Package pdftexcmds Info: \pdf@ifprimitive is available.
Package pdftexcmds Info: \pdfdraftmode found.
) (/usr/local/texlive/2015/texmf-dist/tex/latex/oberdiek/epstopdf-base.sty
Package: epstopdf-base 2010/02/09 v2.5 Base part for package epstopdf
 (/usr/local/texlive/2015/texmf-dist/tex/latex/oberdiek/grfext.sty
Package: grfext 2010/08/19 v1.1 Manage graphics extensions (HO)
 (/usr/local/texlive/2015/texmf-dist/tex/generic/oberdiek/kvdefinekeys.sty
Package: kvdefinekeys 2011/04/07 v1.3 Define keys (HO)
)) (/usr/local/texlive/2015/texmf-dist/tex/latex/oberdiek/kvoptions.sty
Package: kvoptions 2011/06/30 v3.11 Key value format for package options (HO)
 (/usr/local/texlive/2015/texmf-dist/tex/generic/oberdiek/kvsetkeys.sty
Package: kvsetkeys 2012/04/25 v1.16 Key value parser (HO)
 (/usr/local/texlive/2015/texmf-dist/tex/generic/oberdiek/etexcmds.sty
Package: etexcmds 2011/02/16 v1.5 Avoid name clashes with e-TeX commands (HO)
Package etexcmds Info: Could not find \expanded.
(etexcmds)             That can mean that you are not using pdfTeX 1.50 or
(etexcmds)             that some package has redefined \expanded.
(etexcmds)             In the latter case, load this package earlier.
)))
Package grfext Info: Graphics extension search list:
(grfext)             [.png,.pdf,.jpg,.mps,.jpeg,.jbig2,.jb2,.PNG,.PDF,.JPG,.JPEG,.JBIG2,.JB2,.eps]
(grfext)             \AppendGraphicsExtensions on input line 452.
 (/usr/local/texlive/2015/texmf-dist/tex/latex/latexconfig/epstopdf-sys.cfg
File: epstopdf-sys.cfg 2010/07/13 v1.3 Configuration of (r)epstopdf for TeX Live
)) (/usr/local/texlive/2015/texmf-dist/tex/latex/beamer/translator/dicts/translator-basic-dictionary/translator-basic-dictionary-English.dict
Dictionary: translator-basic-dictionary, Language: English 
) (/usr/local/texlive/2015/texmf-dist/tex/latex/siunitx/siunitx-abbreviations.cfg
File: siunitx-abbreviations.cfg 2015/01/21 v2.6e siunitx: Abbreviated units
)
\c__siunitx_mathsf_int=\count146
LaTeX Font Info:    External font `cmex10' loaded for size
(Font)              <12> on input line 12.
LaTeX Font Info:    External font `cmex10' loaded for size
(Font)              <8> on input line 12.
LaTeX Font Info:    External font `cmex10' loaded for size
(Font)              <6> on input line 12.
\c__siunitx_mathtt_int=\count147
LaTeX Font Info:    External font `cmex10' loaded for size
(Font)              <14.4> on input line 13.
LaTeX Font Info:    External font `cmex10' loaded for size
(Font)              <7> on input line 13.
 [1

{/usr/local/texlive/2015/texmf-var/fonts/map/pdftex/updmap/pdftex.map}] <textures/mosaic1.png, id=8, 513.92pt x 513.92pt>
File: textures/mosaic1.png Graphic file (type png)
 <use textures/mosaic1.png>
Package pdftex.def Info: textures/mosaic1.png used on input line 21.
(pdftex.def)             Requested size: 204.85846pt x 204.85858pt.
 <textures/mosaic2.png, id=9, 513.92pt x 513.92pt>
File: textures/mosaic2.png Graphic file (type png)
 <use textures/mosaic2.png>
Package pdftex.def Info: textures/mosaic2.png used on input line 26.
(pdftex.def)             Requested size: 204.85846pt x 204.85858pt.

Overfull \hbox (2.61108pt too wide) in paragraph at lines 20--30
[]$[]$ $[]$ 
 []

<textures/mosaic1-subimage-top-left.png, id=10, 255.95625pt x 256.96pt>
File: textures/mosaic1-subimage-top-left.png Graphic file (type png)
 <use textures/mosaic1-subimage-top-left.png>
Package pdftex.def Info: textures/mosaic1-subimage-top-left.png used on input line 40.
(pdftex.def)             Requested size: 182.09486pt x 182.80751pt.
 [1 <./textures/mosaic1.png (PNG copy)> <./textures/mosaic2.png (PNG copy)> <./textures/mosaic1-subimage-top-left.png (PNG copy)>] <textures/mosaic1-subimage-top-right.png, id=16, 256.96pt x 256.96pt>
File: textures/mosaic1-subimage-top-right.png Graphic file (type png)
 <use textures/mosaic1-subimage-top-right.png>
Package pdftex.def Info: textures/mosaic1-subimage-top-right.png used on input line 49.
(pdftex.def)             Requested size: 182.09486pt x 182.09782pt.
 <textures/mosaic1-subimage-bottom-left.png, id=17, 256.96pt x 256.96pt>
File: textures/mosaic1-subimage-bottom-left.png Graphic file (type png)
 <use textures/mosaic1-subimage-bottom-left.png>
Package pdftex.def Info: textures/mosaic1-subimage-bottom-left.png used on input line 58.
(pdftex.def)             Requested size: 182.09486pt x 182.09782pt.
 <textures/mosaic1-subimage-bottom-right.png, id=18, 256.96pt x 256.96pt>
File: textures/mosaic1-subimage-bottom-right.png Graphic file (type png)
 <use textures/mosaic1-subimage-bottom-right.png>
Package pdftex.def Info: textures/mosaic1-subimage-bottom-right.png used on input line 67.
(pdftex.def)             Requested size: 182.09486pt x 182.09782pt.
 [2 <./textures/mosaic1-subimage-top-right.png (PNG copy)> <./textures/mosaic1-subimage-bottom-left.png (PNG copy)>] <textures/mosaic2-subimage-top-left.png, id=23, 256.96pt x 256.96pt>
File: textures/mosaic2-subimage-top-left.png Graphic file (type png)
 <use textures/mosaic2-subimage-top-left.png>
Package pdftex.def Info: textures/mosaic2-subimage-top-left.png used on input line 78.
(pdftex.def)             Requested size: 182.09486pt x 182.09782pt.
 <textures/mosaic2-subimage-top-right.png, id=24, 256.96pt x 256.96pt>
File: textures/mosaic2-subimage-top-right.png Graphic file (type png)
 <use textures/mosaic2-subimage-top-right.png>
Package pdftex.def Info: textures/mosaic2-subimage-top-right.png used on input line 87.
(pdftex.def)             Requested size: 182.09486pt x 182.09782pt.
 [3 <./textures/mosaic1-subimage-bottom-right.png (PNG copy)> <./textures/mosaic2-subimage-top-left.png (PNG copy)>] <textures/mosaic2-subimage-bottom-left.png, id=28, 256.96pt x 256.96pt>
File: textures/mosaic2-subimage-bottom-left.png Graphic file (type png)
 <use textures/mosaic2-subimage-bottom-left.png>
Package pdftex.def Info: textures/mosaic2-subimage-bottom-left.png used on input line 96.
(pdftex.def)             Requested size: 182.09486pt x 182.09782pt.
 <textures/mosaic2-subimage-bottom-right.png, id=29, 256.96pt x 256.96pt>
File: textures/mosaic2-subimage-bottom-right.png Graphic file (type png)
 <use textures/mosaic2-subimage-bottom-right.png>
Package pdftex.def Info: textures/mosaic2-subimage-bottom-right.png used on input line 105.
(pdftex.def)             Requested size: 182.09486pt x 182.09782pt.
 [4 <./textures/mosaic2-subimage-top-right.png (PNG copy)> <./textures/mosaic2-subimage-bottom-left.png (PNG copy)>] <partB-mosaic1-subimage-top-left.png, id=33, 578.16pt x 433.62pt>
File: partB-mosaic1-subimage-top-left.png Graphic file (type png)
 <use partB-mosaic1-subimage-top-left.png>
Package pdftex.def Info: partB-mosaic1-subimage-top-left.png used on input line 121.
(pdftex.def)             Requested size: 318.66948pt x 239.0012pt.
 [5 <./textures/mosaic2-subimage-bottom-right.png (PNG copy)>] <partB-mosaic1-subimage-top-right.png, id=37, 578.16pt x 433.62pt>
File: partB-mosaic1-subimage-top-right.png Graphic file (type png)
 <use partB-mosaic1-subimage-top-right.png>
Package pdftex.def Info: partB-mosaic1-subimage-top-right.png used on input line 129.
(pdftex.def)             Requested size: 409.71692pt x 307.28348pt.
 <partB-mosaic1-subimage-bottom-left.png, id=38, 578.16pt x 433.62pt>
File: partB-mosaic1-subimage-bottom-left.png Graphic file (type png)
 <use partB-mosaic1-subimage-bottom-left.png>
Package pdftex.def Info: partB-mosaic1-subimage-bottom-left.png used on input line 137.
(pdftex.def)             Requested size: 409.71692pt x 307.28348pt.
 [6 <./partB-mosaic1-subimage-top-left.png (PNG copy)> <./partB-mosaic1-subimage-top-right.png (PNG copy)>] <partB-mosaic1-subimage-bottom-right.png, id=43, 578.16pt x 433.62pt>
File: partB-mosaic1-subimage-bottom-right.png Graphic file (type png)
 <use partB-mosaic1-subimage-bottom-right.png>
Package pdftex.def Info: partB-mosaic1-subimage-bottom-right.png used on input line 145.
(pdftex.def)             Requested size: 409.71692pt x 307.28348pt.

[7 <./partB-mosaic1-subimage-bottom-left.png (PNG copy)>] <partB-mosaic2-subimage-top-left.png, id=47, 578.16pt x 433.62pt>
File: partB-mosaic2-subimage-top-left.png Graphic file (type png)
 <use partB-mosaic2-subimage-top-left.png>
Package pdftex.def Info: partB-mosaic2-subimage-top-left.png used on input line 153.
(pdftex.def)             Requested size: 409.71692pt x 307.28348pt.
 [8 <./partB-mosaic1-subimage-bottom-right.png (PNG copy)>] <partB-mosaic2-subimage-top-right.png, id=51, 578.16pt x 433.62pt>
File: partB-mosaic2-subimage-top-right.png Graphic file (type png)
 <use partB-mosaic2-subimage-top-right.png>
Package pdftex.def Info: partB-mosaic2-subimage-top-right.png used on input line 161.
(pdftex.def)             Requested size: 409.71692pt x 307.28348pt.
 [9 <./partB-mosaic2-subimage-top-left.png (PNG copy)>] <partB-mosaic2-subimage-bottom-left.png, id=55, 578.16pt x 433.62pt>
File: partB-mosaic2-subimage-bottom-left.png Graphic file (type png)
 <use partB-mosaic2-subimage-bottom-left.png>
Package pdftex.def Info: partB-mosaic2-subimage-bottom-left.png used on input line 169.
(pdftex.def)             Requested size: 409.71692pt x 307.28348pt.
 [10 <./partB-mosaic2-subimage-top-right.png (PNG copy)>] <partB-mosaic2-subimage-bottom-right.png, id=59, 578.16pt x 433.62pt>
File: partB-mosaic2-subimage-bottom-right.png Graphic file (type png)
 <use partB-mosaic2-subimage-bottom-right.png>
Package pdftex.def Info: partB-mosaic2-subimage-bottom-right.png used on input line 177.
(pdftex.def)             Requested size: 409.71692pt x 307.28348pt.
 [11 <./partB-mosaic2-subimage-bottom-left.png (PNG copy)>] <partC-mosaic1-angle0.png, id=63, 578.16pt x 433.62pt>
File: partC-mosaic1-angle0.png Graphic file (type png)
 <use partC-mosaic1-angle0.png>
Package pdftex.def Info: partC-mosaic1-angle0.png used on input line 190.
(pdftex.def)             Requested size: 364.19667pt x 273.14235pt.
 [12 <./partB-mosaic2-subimage-bottom-right.png (PNG copy)>] <partC-mosaic1-angle45.png, id=68, 578.16pt x 433.62pt>
File: partC-mosaic1-angle45.png Graphic file (type png)
 <use partC-mosaic1-angle45.png>
Package pdftex.def Info: partC-mosaic1-angle45.png used on input line 197.
(pdftex.def)             Requested size: 364.19667pt x 273.14235pt.
 <partC-mosaic1-angle90.png, id=69, 578.16pt x 433.62pt>
File: partC-mosaic1-angle90.png Graphic file (type png)
 <use partC-mosaic1-angle90.png>
Package pdftex.def Info: partC-mosaic1-angle90.png used on input line 204.
(pdftex.def)             Requested size: 364.19667pt x 273.14235pt.
 [13 <./partC-mosaic1-angle0.png (PNG copy)> <./partC-mosaic1-angle45.png (PNG copy)>] <partC-mosaic2-angle0.png, id=73, 578.16pt x 433.62pt>
File: partC-mosaic2-angle0.png Graphic file (type png)
 <use partC-mosaic2-angle0.png>
Package pdftex.def Info: partC-mosaic2-angle0.png used on input line 212.
(pdftex.def)             Requested size: 364.19667pt x 273.14235pt.
 <partC-mosaic2-angle45.png, id=74, 578.16pt x 433.62pt>
File: partC-mosaic2-angle45.png Graphic file (type png)
 <use partC-mosaic2-angle45.png>
Package pdftex.def Info: partC-mosaic2-angle45.png used on input line 219.
(pdftex.def)             Requested size: 364.19667pt x 273.14235pt.
 [14 <./partC-mosaic1-angle90.png (PNG copy)> <./partC-mosaic2-angle0.png (PNG copy)>] <partC-mosaic2-angle90.png, id=78, 578.16pt x 433.62pt>
File: partC-mosaic2-angle90.png Graphic file (type png)
 <use partC-mosaic2-angle90.png>
Package pdftex.def Info: partC-mosaic2-angle90.png used on input line 226.
(pdftex.def)             Requested size: 364.19667pt x 273.14235pt.
 [15 <./partC-mosaic2-angle45.png (PNG copy)> <./partC-mosaic2-angle90.png (PNG copy)>] <partD-mosaic1-segmentation-top-left.png, id=82, 578.16pt x 433.62pt>
File: partD-mosaic1-segmentation-top-left.png Graphic file (type png)
 <use partD-mosaic1-segmentation-top-left.png>
Package pdftex.def Info: partD-mosaic1-segmentation-top-left.png used on input line 240.
(pdftex.def)             Requested size: 364.19667pt x 273.14235pt.
 <partD-mosaic1-segmentation-top-right.png, id=83, 578.16pt x 433.62pt>
File: partD-mosaic1-segmentation-top-right.png Graphic file (type png)
 <use partD-mosaic1-segmentation-top-right.png>
Package pdftex.def Info: partD-mosaic1-segmentation-top-right.png used on input line 249.
(pdftex.def)             Requested size: 364.19667pt x 273.14235pt.
 [16 <./partD-mosaic1-segmentation-top-left.png (PNG copy)>] <partD-mosaic1-segmentation-bottom-left.png, id=87, 578.16pt x 433.62pt>
File: partD-mosaic1-segmentation-bottom-left.png Graphic file (type png)
 <use partD-mosaic1-segmentation-bottom-left.png>
Package pdftex.def Info: partD-mosaic1-segmentation-bottom-left.png used on input line 258.
(pdftex.def)             Requested size: 364.19667pt x 273.14235pt.

<partD-mosaic1-segmentation-bottom-right.png, id=88, 578.16pt x 433.62pt>
File: partD-mosaic1-segmentation-bottom-right.png Graphic file (type png)
 <use partD-mosaic1-segmentation-bottom-right.png>
Package pdftex.def Info: partD-mosaic1-segmentation-bottom-right.png used on input line 267.
(pdftex.def)             Requested size: 364.19667pt x 273.14235pt.
 [17 <./partD-mosaic1-segmentation-top-right.png (PNG copy)> <./partD-mosaic1-segmentation-bottom-left.png (PNG copy)>] <partD-mosaic2-segmentation-top-left.png, id=92, 578.16pt x 433.62pt>
File: partD-mosaic2-segmentation-top-left.png Graphic file (type png)
 <use partD-mosaic2-segmentation-top-left.png>
Package pdftex.def Info: partD-mosaic2-segmentation-top-left.png used on input line 278.
(pdftex.def)             Requested size: 364.19667pt x 273.14235pt.
 [18 <./partD-mosaic1-segmentation-bottom-right.png (PNG copy)>] <partD-mosaic2-segmentation-top-right.png, id=97, 578.16pt x 433.62pt>
File: partD-mosaic2-segmentation-top-right.png Graphic file (type png)
 <use partD-mosaic2-segmentation-top-right.png>
Package pdftex.def Info: partD-mosaic2-segmentation-top-right.png used on input line 287.
(pdftex.def)             Requested size: 364.19667pt x 273.14235pt.
 <partD-mosaic2-segmentation-bottom-right.png, id=98, 578.16pt x 433.62pt>
File: partD-mosaic2-segmentation-bottom-right.png Graphic file (type png)
 <use partD-mosaic2-segmentation-bottom-right.png>
Package pdftex.def Info: partD-mosaic2-segmentation-bottom-right.png used on input line 296.
(pdftex.def)             Requested size: 364.19667pt x 273.14235pt.
 [19 <./partD-mosaic2-segmentation-top-left.png (PNG copy)> <./partD-mosaic2-segmentation-top-right.png (PNG copy)>] <partD-mosaic2-segmentation-bottom-left.png, id=103, 578.16pt x 433.62pt>
File: partD-mosaic2-segmentation-bottom-left.png Graphic file (type png)
 <use partD-mosaic2-segmentation-bottom-left.png>
Package pdftex.def Info: partD-mosaic2-segmentation-bottom-left.png used on input line 305.
(pdftex.def)             Requested size: 364.19667pt x 273.14235pt.
 [20 <./partD-mosaic2-segmentation-bottom-right.png (PNG copy)>] [21 <./partD-mosaic2-segmentation-bottom-left.png (PNG copy)>] (/Users/palmerc/Classes/INF9305/Mandatory 01/.texpadtmp/clp-mandatory01.aux) ) 
Here is how much of TeX's memory you used:
 11950 strings out of 493089
 257839 string characters out of 6134842
 254180 words of memory out of 5000000
 15333 multiletter control sequences out of 15000+600000
 11937 words of font info for 44 fonts, out of 8000000 for 9000
 1141 hyphenation exceptions out of 8191
 42i,7n,41p,10426b,746s stack positions out of 5000i,500n,10000p,200000b,80000s
</usr/local/texlive/2015/texmf-dist/fonts/type1/public/amsfonts/cm/cmbx12.pfb></usr/local/texlive/2015/texmf-dist/fonts/type1/public/amsfonts/cm/cmmi12.pfb></usr/local/texlive/2015/texmf-dist/fonts/type1/public/amsfonts/cm/cmr10.pfb></usr/local/texlive/2015/texmf-dist/fonts/type1/public/amsfonts/cm/cmr12.pfb></usr/local/texlive/2015/texmf-dist/fonts/type1/public/amsfonts/cm/cmr17.pfb></usr/local/texlive/2015/texmf-dist/fonts/type1/public/amsfonts/cm/cmsy8.pfb>
Output written on "/Users/palmerc/Classes/INF9305/Mandatory 01/.texpadtmp/clp-mandatory01.pdf" (22 pages, 7035126 bytes).
PDF statistics:
 131 PDF objects out of 1000 (max. 8388607)
 68 compressed objects within 1 object stream
 0 named destinations out of 1000 (max. 500000)
 161 words of extra memory for PDF output out of 10000 (max. 10000000)

